
LICENSE SYSTEM [2016514 0:6:34] Next license update check is after 2026-04-30T00:00:00

Built from 'release/4.6/patch-release' branch; Version is '4.6.3p3 (088b951bfc62) revision 560021'; Using compiler version '160040219'
BatchMode: 1, IsHumanControllingUs: 0, StartBugReporterOnCrash: 0
Initialize mono
Mono path[0] = 'E:/Unity/Editor/Data/Managed'
Mono path[1] = 'E:/Unity/Editor/Data/Mono/lib/mono/2.0'
Mono path[2] = 'E:/Unity/Editor/Data/UnityScript'
Mono config path = 'E:/Unity/Editor/Data/Mono/etc'
Using monoOptions --debugger-agent=transport=dt_socket,embedding=1,defer=y

 BATCHMODE ARGUMENTS:
E:\Unity\Editor\Unity.exe
-batchmode
-projectPath
G:\Project\SmartBaby\
-executeMethod
CommandBuild.PreBuild
-debug
-quit
-logFile
./PreBuild.log
Successfully changed project path to: G:\Project\SmartBaby\
G:/Project/SmartBaby
Loading GUID <-> Path mappings ... 0.023004 seconds.
Loading Asset Database ...  0.046729 seconds
AssetDatabase consistency checks ...  0.101233 seconds
Initialize engine version: 4.6.3p3 (088b951bfc62)
GfxDevice: creating device client; threaded=0
Direct3D:
    Version:  Direct3D 11.0 [level 11.0]
    Renderer: AMD Radeon HD 6520G (ID=0x9647)
    Vendor:   ATI
    VRAM:     1511 MB
Begin MonoManager ReloadAssembly
Platform assembly: E:\Unity\Editor\Data\Managed\UnityEngine.dll (this message is harmless)
Platform assembly: E:\Unity\Editor\Data\Managed\UnityEditor.dll (this message is harmless)
Platform assembly: E:\Unity\Editor\Data\Managed\Unity.Locator.dll (this message is harmless)
Platform assembly: E:\Unity\Editor\Data\Mono\lib\mono\2.0\I18N.dll (this message is harmless)
Platform assembly: E:\Unity\Editor\Data\Mono\lib\mono\2.0\I18N.CJK.dll (this message is harmless)
Platform assembly: E:\Unity\Editor\Data\Managed\Unity.DataContract.dll (this message is harmless)
Platform assembly: E:\Unity\Editor\Data\Mono\lib\mono\2.0\System.Core.dll (this message is harmless)
Platform assembly: E:\Unity\Editor\Data\Managed\Unity.IvyParser.dll (this message is harmless)
Platform assembly: E:\Unity\Editor\Data\Mono\lib\mono\2.0\System.dll (this message is harmless)
Platform assembly: E:\Unity\Editor\Data\Mono\lib\mono\2.0\System.Xml.dll (this message is harmless)
Platform assembly: E:\Unity\Editor\Data\Mono\lib\mono\2.0\System.Configuration.dll (this message is harmless)
Platform assembly: E:\Unity\Editor\Data\PackageManager\Unity\PackageManager\4.6.3\Unity.PackageManager.dll (this message is harmless)
Initializing Unity.PackageManager (PackageManager) v4.6.3 for Unity v4.6.3
Setting Android v4.6.3 for Unity v4.6.3p3 to E:\Unity\Editor\Data\PlaybackEngines\androidplayer
Setting BB10 v4.6.3 for Unity v4.6.3p3 to E:\Unity\Editor\Data\PlaybackEngines\blackberryplayer
Setting iPhone v4.6.3 for Unity v4.6.3p3 to E:\Unity\Editor\Data\PlaybackEngines\iossupport
Setting MetroPlayer v4.6.3 for Unity v4.6.3p3 to E:\Unity\Editor\Data\PlaybackEngines\metrosupport
Setting WP8Player v4.6.3 for Unity v4.6.3p3 to E:\Unity\Editor\Data\PlaybackEngines\wp8support
Setting GUISystem v4.6.3 for Unity v4.6.3p3 to E:\Unity\Editor\Data\UnityExtensions\Unity\GUISystem\4.6.3
Registering custom dll's ...
Non platform assembly: data-14C60020 (this message is harmless)
Non platform assembly: data-14656C28 (this message is harmless)
Non platform assembly: data-14656C28 (this message is harmless)
Non platform assembly: data-14656C28 (this message is harmless)
Non platform assembly: data-145A5DE0 (this message is harmless)
Register platform support module: E:\Unity\Editor\Data\PlaybackEngines\androidplayer/UnityEditor.Android.Extensions.dll
Register platform support module: E:\Unity\Editor\Data\PlaybackEngines\iossupport/UnityEditor.iOS.Extensions.dll
Register platform support module: E:\Unity\Editor\Data\PlaybackEngines\wp8support/UnityEditor.WP8.Extensions.dll
Register platform support module: E:\Unity\Editor\Data\PlaybackEngines\metrosupport/UnityEditor.Metro.Extensions.dll
Register platform support module: E:\Unity\Editor\Data\PlaybackEngines\blackberryplayer/UnityEditor.BB10.Extensions.dll
Registered in 0.124613 seconds.
Non platform assembly: G:\Project\SmartBaby\Library\ScriptAssemblies\Assembly-CSharp-firstpass.dll (this message is harmless)
Loading G:\Project\SmartBaby\Library\ScriptAssemblies\Assembly-CSharp-firstpass.dll into Unity Child Domain
Non platform assembly: G:\Project\SmartBaby\Library\ScriptAssemblies\Assembly-CSharp.dll (this message is harmless)
Loading G:\Project\SmartBaby\Library\ScriptAssemblies\Assembly-CSharp.dll into Unity Child Domain
Non platform assembly: G:\Project\SmartBaby\Library\ScriptAssemblies\Assembly-CSharp-Editor.dll (this message is harmless)
Loading G:\Project\SmartBaby\Library\ScriptAssemblies\Assembly-CSharp-Editor.dll into Unity Child Domain
Non platform assembly: G:\Project\SmartBaby\Library\ScriptAssemblies\Assembly-UnityScript-firstpass.dll (this message is harmless)
Loading G:\Project\SmartBaby\Library\ScriptAssemblies\Assembly-UnityScript-firstpass.dll into Unity Child Domain
Platform assembly: E:\Unity\Editor\Data\PackageManager\Unity\PackageManager\4.6.3\Unity.PackageManager.dll (this message is harmless)
Loading E:\Unity\Editor\Data\PackageManager\Unity\PackageManager\4.6.3\Unity.PackageManager.dll into Unity Child Domain
Non platform assembly: E:\Unity\Editor\Data\UnityExtensions\Unity\GUISystem\4.6.3\UnityEngine.UI.dll (this message is harmless)
Loading E:\Unity\Editor\Data\UnityExtensions\Unity\GUISystem\4.6.3\UnityEngine.UI.dll into Unity Child Domain
Non platform assembly: E:\Unity\Editor\Data\UnityExtensions\Unity\GUISystem\4.6.3\Editor\UnityEditor.UI.dll (this message is harmless)
Loading E:\Unity\Editor\Data\UnityExtensions\Unity\GUISystem\4.6.3\Editor\UnityEditor.UI.dll into Unity Child Domain
Non platform assembly: G:\Project\SmartBaby\Assets\Plugins\Unity\Bmob-Unity.dll (this message is harmless)
Loading G:\Project\SmartBaby\Assets\Plugins\Unity\Bmob-Unity.dll into Unity Child Domain
Non platform assembly: G:\Project\SmartBaby\Assets\UnityVS\Editor\SyntaxTree.VisualStudio.Unity.Bridge.dll (this message is harmless)
Loading G:\Project\SmartBaby\Assets\UnityVS\Editor\SyntaxTree.VisualStudio.Unity.Bridge.dll into Unity Child Domain
Non platform assembly: G:\Project\SmartBaby\Assets\UnityVS\Editor\SyntaxTree.VisualStudio.Unity.Messaging.dll (this message is harmless)
Loading G:\Project\SmartBaby\Assets\UnityVS\Editor\SyntaxTree.VisualStudio.Unity.Messaging.dll into Unity Child Domain
Non platform assembly: G:\Project\SmartBaby\Assets\UnityVS\Editor\UnityVS.VersionSpecific.dll (this message is harmless)
Loading G:\Project\SmartBaby\Assets\UnityVS\Editor\UnityVS.VersionSpecific.dll into Unity Child Domain
Platform assembly: E:\Unity\Editor\Data\Managed\UnityEditor.Graphs.dll (this message is harmless)
Loading E:\Unity\Editor\Data\Managed\UnityEditor.Graphs.dll into Unity Child Domain
Platform assembly: E:\Unity\Editor\Data\PlaybackEngines\androidplayer\UnityEditor.Android.Extensions.dll (this message is harmless)
Loading E:\Unity\Editor\Data\PlaybackEngines\androidplayer\UnityEditor.Android.Extensions.dll into Unity Child Domain
Platform assembly: E:\Unity\Editor\Data\PlaybackEngines\iossupport\UnityEditor.iOS.Extensions.dll (this message is harmless)
Loading E:\Unity\Editor\Data\PlaybackEngines\iossupport\UnityEditor.iOS.Extensions.dll into Unity Child Domain
Platform assembly: E:\Unity\Editor\Data\PlaybackEngines\wp8support\UnityEditor.WP8.Extensions.dll (this message is harmless)
Loading E:\Unity\Editor\Data\PlaybackEngines\wp8support\UnityEditor.WP8.Extensions.dll into Unity Child Domain
Platform assembly: E:\Unity\Editor\Data\PlaybackEngines\metrosupport\UnityEditor.Metro.Extensions.dll (this message is harmless)
Loading E:\Unity\Editor\Data\PlaybackEngines\metrosupport\UnityEditor.Metro.Extensions.dll into Unity Child Domain
Platform assembly: E:\Unity\Editor\Data\PlaybackEngines\blackberryplayer\UnityEditor.BB10.Extensions.dll (this message is harmless)
Loading E:\Unity\Editor\Data\PlaybackEngines\blackberryplayer\UnityEditor.BB10.Extensions.dll into Unity Child Domain
Platform assembly: E:\Unity\Editor\Data\Managed\Mono.Cecil.dll (this message is harmless)
Platform assembly: E:\Unity\Editor\Data\Mono\lib\mono\2.0\UnityScript.dll (this message is harmless)
Platform assembly: E:\Unity\Editor\Data\Managed\ICSharpCode.NRefactory.dll (this message is harmless)
Platform assembly: E:\Unity\Editor\Data\Mono\lib\mono\2.0\System.Xml.Linq.dll (this message is harmless)
Mono: successfully reloaded assembly
- Completed reload, in  3.807 seconds
System memory in use before: 30.3 MB.
Unloading 400 Unused Serialized files (Serialized files now loaded: 0 / Dirty serialized files: 0)
System memory in use after: 10.9 MB.

Unloading 0 unused Assets to reduce memory usage. Loaded Objects now: 720.
Total: 179.784790 ms (FindLiveObjects: 0.160713 ms CreateObjectMapping: 0.103267 ms MarkObjects: 2.816938 ms  DeleteObjects: 0.021200 ms)

Validating Project structure ... 0.080582 seconds.
Refresh: detecting if any assets need to be imported or removed ... 
Hashing assets ... 0.001740 seconds
----- Compute hash(es) for 1 asset(s).
----- Asset named Assets/Script/Bmob/MyGameTable.cs is skipped as no actual change.

Refresh: elapses 0.197399 seconds

----- Total AssetImport time: 0.121952s, AssetImport time: 0.000001s, Asset hashing: 0.002445s [1.0 KB, 0.386946 mb/s]

System memory in use before: 66.6 MB.
Unloading 102 Unused Serialized files (Serialized files now loaded: 0 / Dirty serialized files: 0)
System memory in use after: 51.5 MB.

Unloading 1 unused Assets to reduce memory usage. Loaded Objects now: 1799.
Total: 136.753830 ms (FindLiveObjects: 0.429482 ms CreateObjectMapping: 0.112157 ms MarkObjects: 4.809790 ms  DeleteObjects: 0.048556 ms)

PreBuild
UnityEngine.Debug:Internal_Log(Int32, String, Object)
UnityEngine.Debug:Log(Object)
CommandBuild:PreBuild() (at Assets\Editor\CommandBuild.cs:91)
 
(Filename: Assets/Editor/CommandBuild.cs Line: 91)

"-debug" is detected, switch to debug build.
UnityEngine.Debug:Internal_Log(Int32, String, Object)
UnityEngine.Debug:Log(Object)
CommandBuild:UpdateBuildFlag() (at Assets\Editor\CommandBuild.cs:37)
CommandBuild:PreBuild() (at Assets\Editor\CommandBuild.cs:92)
 
(Filename: Assets/Editor/CommandBuild.cs Line: 37)

Debug Model
UnityEngine.Debug:Internal_Log(Int32, String, Object)
UnityEngine.Debug:Log(Object)
CommandBuild:SetKgfDebugActive(Boolean) (at Assets\Editor\CommandBuild.cs:133)
CommandBuild:PreBuild() (at Assets\Editor\CommandBuild.cs:93)
 
(Filename: Assets/Editor/CommandBuild.cs Line: 133)

Batchmode quit successfully invoked - shutting down!
System memory in use before: 51.4 MB.
Unloading 0 Unused Serialized files (Serialized files now loaded: 0 / Dirty serialized files: 0)
System memory in use after: 13.1 MB.

Unloading 901 unused Assets to reduce memory usage. Loaded Objects now: 729.
Total: 21.805796 ms (FindLiveObjects: 0.248251 ms CreateObjectMapping: 0.101215 ms MarkObjects: 2.394294 ms  DeleteObjects: 16.846231 ms)

Refresh: detecting if any assets need to be imported or removed ... Refresh: elapses 0.174864 seconds

----- Total AssetImport time: 0.093771s, AssetImport time: 0.000001s, Asset hashing: 0.000000s [0 B, 0.000000 mb/s]

Updating ProjectSettings/ProjectSettings.asset - GUID: 00000000000000004000000000000000...
 done. [Time: 199.341968 ms] 

----- Total AssetImport time: 0.542693s, AssetImport time: 0.441621s, Asset hashing: 0.000000s [0 B, 0.000000 mb/s]

Cleanup mono
Exiting batchmode successfully now!
